2020-10-27T10:52:19: PM2 log: ===============================================================================
2020-10-27T10:52:19: PM2 log: --- New PM2 Daemon started ----------------------------------------------------
2020-10-27T10:52:19: PM2 log: Time                 : Tue Oct 27 2020 10:52:19 GMT+0530 (India Standard Time)
2020-10-27T10:52:19: PM2 log: PM2 version          : 4.2.3
2020-10-27T10:52:19: PM2 log: Node.js version      : 12.18.3
2020-10-27T10:52:19: PM2 log: Current arch         : x64
2020-10-27T10:52:19: PM2 log: PM2 home             : /var/www/html/pro1/interpreter/.pm2
2020-10-27T10:52:19: PM2 log: PM2 PID file         : /var/www/html/pro1/interpreter/.pm2/pm2.pid
2020-10-27T10:52:19: PM2 log: RPC socket file      : /var/www/html/pro1/interpreter/.pm2/rpc.sock
2020-10-27T10:52:19: PM2 log: BUS socket file      : /var/www/html/pro1/interpreter/.pm2/pub.sock
2020-10-27T10:52:19: PM2 log: Application log path : /var/www/html/pro1/interpreter/.pm2/logs
2020-10-27T10:52:19: PM2 log: Worker Interval      : 30000
2020-10-27T10:52:19: PM2 log: Process dump file    : /var/www/html/pro1/interpreter/.pm2/dump.pm2
2020-10-27T10:52:19: PM2 log: Concurrent actions   : 2
2020-10-27T10:52:19: PM2 log: SIGTERM timeout      : 1600
2020-10-27T10:52:19: PM2 log: ===============================================================================
2020-10-27T10:52:59: PM2 log: App [app:0] starting in -fork mode-
2020-10-27T10:52:59: PM2 log: App [app:0] online
2020-10-27T11:46:29: PM2 log: Stopping app:app id:0
2020-10-27T11:46:29: PM2 log: App [app:0] exited with code [0] via signal [SIGINT]
2020-10-27T11:46:29: PM2 log: pid=27296 msg=process killed
2020-10-27T11:46:45: PM2 log: App [app:0] starting in -fork mode-
2020-10-27T11:46:45: PM2 log: App [app:0] online
2020-10-27T11:47:29: PM2 log: Stopping app:app id:0
2020-10-27T11:47:29: PM2 log: App [app:0] exited with code [0] via signal [SIGINT]
2020-10-27T11:47:29: PM2 log: pid=3892 msg=process killed
2020-10-27T12:17:13: PM2 log: App [app:1] starting in -fork mode-
2020-10-27T12:17:13: PM2 log: App [app:1] online
2020-10-27T12:17:25: PM2 log: Stopping app:app id:1
2020-10-27T12:17:25: PM2 log: App [app:1] exited with code [0] via signal [SIGINT]
2020-10-27T12:17:26: PM2 log: pid=10849 msg=process killed
2020-10-27T12:17:34: PM2 log: App [app:0] starting in -fork mode-
2020-10-27T12:17:34: PM2 log: App [app:0] online
2020-10-27T13:49:39: PM2 log: Stopping app:app id:0
2020-10-27T13:49:39: PM2 log: App [app:0] exited with code [0] via signal [SIGINT]
2020-10-27T13:49:39: PM2 log: pid=10999 msg=process killed
2020-10-27T13:49:48: PM2 log: App [app:0] starting in -fork mode-
2020-10-27T13:49:48: PM2 log: App [app:0] online
2020-10-27T13:50:01: PM2 log: Stopping app:app id:0
2020-10-27T13:50:04: PM2 log: App [app:0] exited with code [0] via signal [SIGINT]
2020-10-27T13:50:05: PM2 log: pid=25913 msg=process killed
2020-10-27T13:51:39: PM2 log: App [app:0] starting in -fork mode-
2020-10-27T13:51:39: PM2 log: App [app:0] online
2020-10-27T20:25:35: PM2 log: Stopping app:app id:0
2020-10-27T20:25:35: PM2 log: App [app:0] exited with code [0] via signal [SIGINT]
2020-10-27T20:25:35: PM2 log: pid=26344 msg=process killed
2020-10-27T20:26:41: PM2 log: App [app:0] starting in -fork mode-
2020-10-27T20:26:41: PM2 log: App [app:0] online
2020-10-28T04:51:48: PM2 log: App [app:0] exited with code [1] via signal [SIGINT]
2020-10-28T04:51:48: PM2 log: App [app:0] starting in -fork mode-
2020-10-28T04:51:48: PM2 error: Trace: [Error: EACCES: permission denied, open '/var/www/html/pro1/interpreter/.pm2/logs/app-out.log'] {
  errno: -13,
  code: 'EACCES',
  syscall: 'open',
  path: '/var/www/html/pro1/interpreter/.pm2/logs/app-out.log'
}
    at Object.God.logAndGenerateError (/usr/lib/node_modules/pm2/lib/God/Methods.js:34:15)
    at /usr/lib/node_modules/pm2/lib/God/ForkMode.js:92:13
    at wrapper (/usr/lib/node_modules/pm2/node_modules/async/internal/once.js:12:16)
    at WriteStream.next (/usr/lib/node_modules/pm2/node_modules/async/waterfall.js:96:20)
    at WriteStream.<anonymous> (/usr/lib/node_modules/pm2/node_modules/async/internal/onlyOnce.js:12:16)
    at Object.onceWrapper (events.js:422:26)
    at WriteStream.emit (events.js:315:20)
    at WriteStream.EventEmitter.emit (domain.js:483:12)
    at internal/fs/streams.js:361:12
    at FSReqCallback.oncomplete (fs.js:156:23)
2020-10-28T10:52:21: PM2 log: [PM2] This PM2 is not UP TO DATE
2020-10-28T10:52:21: PM2 log: [PM2] Upgrade to version 4.5.0
2020-10-29T10:52:21: PM2 log: [PM2] This PM2 is not UP TO DATE
2020-10-29T10:52:21: PM2 log: [PM2] Upgrade to version 4.5.0
